This file contains any messages produced by compilers while
running configure, to aid debugging if configure makes a mistake.

It was created by Chocolate Doom configure 1.6.0, which was
generated by GNU Autoconf 2.68.  Invocation command line was

  $ ./configure --no-create --no-recursion

## --------- ##
## Platform. ##
## --------- ##

hostname = Monk
uname -m = i686
uname -r = 3.0.0-23-generic-pae
uname -s = Linux
uname -v = #39-Ubuntu SMP Thu Jul 19 19:39:19 UTC 2012

/usr/bin/uname -p = unknown
/bin/uname -X     = unknown

/bin/arch              = unknown
/usr/bin/arch -k       = unknown
/usr/convex/getsysinfo = unknown
/usr/bin/hostinfo      = unknown
/bin/machine           = unknown
/usr/bin/oslevel       = unknown
/bin/universe          = unknown

PATH: /usr/lib/lightdm/lightdm
PATH: /usr/local/sbin
PATH: /usr/local/bin
PATH: /usr/sbin
PATH: /usr/bin
PATH: /sbin
PATH: /bin
PATH: /usr/games


## ----------- ##
## Core tests. ##
## ----------- ##

configure:2236: checking for gcc
configure:2252: found /usr/bin/gcc
configure:2263: result: gcc
configure:2492: checking for C compiler version
configure:2501: gcc --version >&5
gcc (Ubuntu/Linaro 4.6.1-9ubuntu3) 4.6.1
Copyright (C) 2011 Free Software Foundation, Inc.
This is free software; see the source for copying conditions.  There is NO
warranty; not even for MERCHANTABILITY or FITNESS FOR A PARTICULAR PURPOSE.

configure:2512: $? = 0
configure:2501: gcc -v >&5
Using built-in specs.
COLLECT_GCC=gcc
COLLECT_LTO_WRAPPER=/usr/lib/gcc/i686-linux-gnu/4.6.1/lto-wrapper
Target: i686-linux-gnu
Configured with: ../src/configure -v --with-pkgversion='Ubuntu/Linaro 4.6.1-9ubuntu3' --with-bugurl=file:///usr/share/doc/gcc-4.6/README.Bugs --enable-languages=c,c++,fortran,objc,obj-c++,go --prefix=/usr --program-suffix=-4.6 --enable-shared --enable-linker-build-id --with-system-zlib --libexecdir=/usr/lib --without-included-gettext --enable-threads=posix --with-gxx-include-dir=/usr/include/c++/4.6 --libdir=/usr/lib --enable-nls --with-sysroot=/ --enable-clocale=gnu --enable-libstdcxx-debug --enable-libstdcxx-time=yes --enable-plugin --enable-objc-gc --enable-targets=all --disable-werror --with-arch-32=i686 --with-tune=generic --enable-checking=release --build=i686-linux-gnu --host=i686-linux-gnu --target=i686-linux-gnu
Thread model: posix
gcc version 4.6.1 (Ubuntu/Linaro 4.6.1-9ubuntu3) 
configure:2512: $? = 0
configure:2501: gcc -V >&5
gcc: error: unrecognized option '-V'
gcc: fatal error: no input files
compilation terminated.
configure:2512: $? = 4
configure:2501: gcc -qversion >&5
gcc: error: unrecognized option '-qversion'
gcc: fatal error: no input files
compilation terminated.
configure:2512: $? = 4
configure:2532: checking whether the C compiler works
configure:2554: gcc    conftest.c  >&5
configure:2558: $? = 0
configure:2606: result: yes
configure:2609: checking for C compiler default output file name
configure:2611: result: a.out
configure:2617: checking for suffix of executables
configure:2624: gcc -o conftest    conftest.c  >&5
configure:2628: $? = 0
configure:2650: result: 
configure:2672: checking whether we are cross compiling
configure:2680: gcc -o conftest    conftest.c  >&5
configure:2684: $? = 0
configure:2691: ./conftest
configure:2695: $? = 0
configure:2710: result: no
configure:2715: checking for suffix of object files
configure:2737: gcc -c   conftest.c >&5
configure:2741: $? = 0
configure:2762: result: o
configure:2766: checking whether we are using the GNU C compiler
configure:2785: gcc -c   conftest.c >&5
configure:2785: $? = 0
configure:2794: result: yes
configure:2803: checking whether gcc accepts -g
configure:2823: gcc -c -g  conftest.c >&5
configure:2823: $? = 0
configure:2864: result: yes
configure:2881: checking for gcc option to accept ISO C89
configure:2945: gcc  -c -g -O2  conftest.c >&5
configure:2945: $? = 0
configure:2958: result: none needed
configure:3021: checking for ranlib
configure:3037: found /usr/bin/ranlib
configure:3048: result: ranlib
configure:3072: checking for python
configure:3088: found /usr/bin/python
configure:3100: result: true
configure:3172: checking for sdl-config
configure:3190: found /usr/bin/sdl-config
configure:3203: result: /usr/bin/sdl-config
configure:3213: checking for SDL - version >= 1.1.3
configure:3300: gcc -o conftest -O2 -g -Wall  -I/usr/include/SDL -D_GNU_SOURCE=1 -D_REENTRANT   conftest.c  -L/usr/lib -lSDL >&5
configure:3300: $? = 0
configure:3300: ./conftest
configure:3300: $? = 0
configure:3315: result: yes
configure:3407: checking how to run the C preprocessor
configure:3438: gcc -E  conftest.c
configure:3438: $? = 0
configure:3452: gcc -E  conftest.c
conftest.c:9:28: fatal error: ac_nonexistent.h: No such file or directory
compilation terminated.
configure:3452: $? = 1
configure: failed program was:
| /* confdefs.h */
| #define PACKAGE_NAME "Chocolate Doom"
| #define PACKAGE_TARNAME "chocolate-doom"
| #define PACKAGE_VERSION "1.6.0"
| #define PACKAGE_STRING "Chocolate Doom 1.6.0"
| #define PACKAGE_BUGREPORT "fraggle@gmail.com"
| #define PACKAGE_URL ""
| /* end confdefs.h.  */
| #include <ac_nonexistent.h>
configure:3477: result: gcc -E
configure:3497: gcc -E  conftest.c
configure:3497: $? = 0
configure:3511: gcc -E  conftest.c
conftest.c:9:28: fatal error: ac_nonexistent.h: No such file or directory
compilation terminated.
configure:3511: $? = 1
configure: failed program was:
| /* confdefs.h */
| #define PACKAGE_NAME "Chocolate Doom"
| #define PACKAGE_TARNAME "chocolate-doom"
| #define PACKAGE_VERSION "1.6.0"
| #define PACKAGE_STRING "Chocolate Doom 1.6.0"
| #define PACKAGE_BUGREPORT "fraggle@gmail.com"
| #define PACKAGE_URL ""
| /* end confdefs.h.  */
| #include <ac_nonexistent.h>
configure:3540: checking for grep that handles long lines and -e
configure:3598: result: /bin/grep
configure:3603: checking for egrep
configure:3665: result: /bin/grep -E
configure:3670: checking for ANSI C header files
configure:3690: gcc -c -O2 -g -Wall  -I/usr/include/SDL -D_GNU_SOURCE=1 -D_REENTRANT  conftest.c >&5
configure:3690: $? = 0
configure:3763: gcc -o conftest -O2 -g -Wall  -I/usr/include/SDL -D_GNU_SOURCE=1 -D_REENTRANT   -L/usr/lib -lSDL conftest.c  >&5
configure:3763: $? = 0
configure:3763: ./conftest
configure:3763: $? = 0
configure:3774: result: yes
configure:3787: checking for sys/types.h
configure:3787: gcc -c -O2 -g -Wall  -I/usr/include/SDL -D_GNU_SOURCE=1 -D_REENTRANT  conftest.c >&5
configure:3787: $? = 0
configure:3787: result: yes
configure:3787: checking for sys/stat.h
configure:3787: gcc -c -O2 -g -Wall  -I/usr/include/SDL -D_GNU_SOURCE=1 -D_REENTRANT  conftest.c >&5
configure:3787: $? = 0
configure:3787: result: yes
configure:3787: checking for stdlib.h
configure:3787: gcc -c -O2 -g -Wall  -I/usr/include/SDL -D_GNU_SOURCE=1 -D_REENTRANT  conftest.c >&5
configure:3787: $? = 0
configure:3787: result: yes
configure:3787: checking for string.h
configure:3787: gcc -c -O2 -g -Wall  -I/usr/include/SDL -D_GNU_SOURCE=1 -D_REENTRANT  conftest.c >&5
configure:3787: $? = 0
configure:3787: result: yes
configure:3787: checking for memory.h
configure:3787: gcc -c -O2 -g -Wall  -I/usr/include/SDL -D_GNU_SOURCE=1 -D_REENTRANT  conftest.c >&5
configure:3787: $? = 0
configure:3787: result: yes
configure:3787: checking for strings.h
configure:3787: gcc -c -O2 -g -Wall  -I/usr/include/SDL -D_GNU_SOURCE=1 -D_REENTRANT  conftest.c >&5
configure:3787: $? = 0
configure:3787: result: yes
configure:3787: checking for inttypes.h
configure:3787: gcc -c -O2 -g -Wall  -I/usr/include/SDL -D_GNU_SOURCE=1 -D_REENTRANT  conftest.c >&5
configure:3787: $? = 0
configure:3787: result: yes
configure:3787: checking for stdint.h
configure:3787: gcc -c -O2 -g -Wall  -I/usr/include/SDL -D_GNU_SOURCE=1 -D_REENTRANT  conftest.c >&5
configure:3787: $? = 0
configure:3787: result: yes
configure:3787: checking for unistd.h
configure:3787: gcc -c -O2 -g -Wall  -I/usr/include/SDL -D_GNU_SOURCE=1 -D_REENTRANT  conftest.c >&5
configure:3787: $? = 0
configure:3787: result: yes
configure:3814: gcc -o conftest -O2 -g -Wall  -I/usr/include/SDL -D_GNU_SOURCE=1 -D_REENTRANT   -L/usr/lib -lSDL conftest.c  >&5
configure:3814: $? = 0
configure:3839: gcc -o conftest -O2 -g -Wall  -I/usr/include/SDL -D_GNU_SOURCE=1 -D_REENTRANT   -L/usr/lib -lSDL conftest.c  >&5
configure:3839: $? = 0
configure:3856: checking for Mix_LoadMUS in -lSDL_mixer
configure:3881: gcc -o conftest -O2 -g -Wall  -I/usr/include/SDL -D_GNU_SOURCE=1 -D_REENTRANT   -L/usr/lib -lSDL conftest.c -lSDL_mixer   >&5
configure:3881: $? = 0
configure:3890: result: yes
configure:3906: checking for SDLNet_UDP_Send in -lSDL_net
configure:3931: gcc -o conftest -O2 -g -Wall  -I/usr/include/SDL -D_GNU_SOURCE=1 -D_REENTRANT   -L/usr/lib -lSDL conftest.c -lSDL_net   >&5
configure:3931: $? = 0
configure:3940: result: yes
configure:3956: checking for src_new in -lsamplerate
configure:3981: gcc -o conftest -O2 -g -Wall  -I/usr/include/SDL -D_GNU_SOURCE=1 -D_REENTRANT   -L/usr/lib -lSDL conftest.c -lsamplerate   >&5
/usr/bin/ld: cannot find -lsamplerate
collect2: ld returned 1 exit status
configure:3981: $? = 1
configure: failed program was:
| /* confdefs.h */
| #define PACKAGE_NAME "Chocolate Doom"
| #define PACKAGE_TARNAME "chocolate-doom"
| #define PACKAGE_VERSION "1.6.0"
| #define PACKAGE_STRING "Chocolate Doom 1.6.0"
| #define PACKAGE_BUGREPORT "fraggle@gmail.com"
| #define PACKAGE_URL ""
| #define STDC_HEADERS 1
| #define HAVE_SYS_TYPES_H 1
| #define HAVE_SYS_STAT_H 1
| #define HAVE_STDLIB_H 1
| #define HAVE_STRING_H 1
| #define HAVE_MEMORY_H 1
| #define HAVE_STRINGS_H 1
| #define HAVE_INTTYPES_H 1
| #define HAVE_STDINT_H 1
| #define HAVE_UNISTD_H 1
| /* end confdefs.h.  */
| 
| /* Override any GCC internal prototype to avoid an error.
|    Use char because int might match the return type of a GCC
|    builtin and then its argument prototype would still apply.  */
| #ifdef __cplusplus
| extern "C"
| #endif
| char src_new ();
| int
| main ()
| {
| return src_new ();
|   ;
|   return 0;
| }
configure:3990: result: no
configure:4001: checking for log in -lm
configure:4026: gcc -o conftest -O2 -g -Wall  -I/usr/include/SDL -D_GNU_SOURCE=1 -D_REENTRANT   -L/usr/lib -lSDL conftest.c -lm   >&5
conftest.c:26:6: warning: conflicting types for built-in function 'log' [enabled by default]
configure:4026: $? = 0
configure:4035: result: yes
configure:4050: checking linux/kd.h usability
configure:4050: gcc -c -O2 -g -Wall  -I/usr/include/SDL -D_GNU_SOURCE=1 -D_REENTRANT  conftest.c >&5
configure:4050: $? = 0
configure:4050: result: yes
configure:4050: checking linux/kd.h presence
configure:4050: gcc -E  conftest.c
configure:4050: $? = 0
configure:4050: result: yes
configure:4050: checking for linux/kd.h
configure:4050: result: yes
configure:4050: checking dev/isa/spkrio.h usability
configure:4050: gcc -c -O2 -g -Wall  -I/usr/include/SDL -D_GNU_SOURCE=1 -D_REENTRANT  conftest.c >&5
conftest.c:54:28: fatal error: dev/isa/spkrio.h: No such file or directory
compilation terminated.
configure:4050: $? = 1
configure: failed program was:
| /* confdefs.h */
| #define PACKAGE_NAME "Chocolate Doom"
| #define PACKAGE_TARNAME "chocolate-doom"
| #define PACKAGE_VERSION "1.6.0"
| #define PACKAGE_STRING "Chocolate Doom 1.6.0"
| #define PACKAGE_BUGREPORT "fraggle@gmail.com"
| #define PACKAGE_URL ""
| #define STDC_HEADERS 1
| #define HAVE_SYS_TYPES_H 1
| #define HAVE_SYS_STAT_H 1
| #define HAVE_STDLIB_H 1
| #define HAVE_STRING_H 1
| #define HAVE_MEMORY_H 1
| #define HAVE_STRINGS_H 1
| #define HAVE_INTTYPES_H 1
| #define HAVE_STDINT_H 1
| #define HAVE_UNISTD_H 1
| #define HAVE_LIBM 1
| #define HAVE_LINUX_KD_H 1
| /* end confdefs.h.  */
| #include <stdio.h>
| #ifdef HAVE_SYS_TYPES_H
| # include <sys/types.h>
| #endif
| #ifdef HAVE_SYS_STAT_H
| # include <sys/stat.h>
| #endif
| #ifdef STDC_HEADERS
| # include <stdlib.h>
| # include <stddef.h>
| #else
| # ifdef HAVE_STDLIB_H
| #  include <stdlib.h>
| # endif
| #endif
| #ifdef HAVE_STRING_H
| # if !defined STDC_HEADERS && defined HAVE_MEMORY_H
| #  include <memory.h>
| # endif
| # include <string.h>
| #endif
| #ifdef HAVE_STRINGS_H
| # include <strings.h>
| #endif
| #ifdef HAVE_INTTYPES_H
| # include <inttypes.h>
| #endif
| #ifdef HAVE_STDINT_H
| # include <stdint.h>
| #endif
| #ifdef HAVE_UNISTD_H
| # include <unistd.h>
| #endif
| #include <dev/isa/spkrio.h>
configure:4050: result: no
configure:4050: checking dev/isa/spkrio.h presence
configure:4050: gcc -E  conftest.c
conftest.c:21:28: fatal error: dev/isa/spkrio.h: No such file or directory
compilation terminated.
configure:4050: $? = 1
configure: failed program was:
| /* confdefs.h */
| #define PACKAGE_NAME "Chocolate Doom"
| #define PACKAGE_TARNAME "chocolate-doom"
| #define PACKAGE_VERSION "1.6.0"
| #define PACKAGE_STRING "Chocolate Doom 1.6.0"
| #define PACKAGE_BUGREPORT "fraggle@gmail.com"
| #define PACKAGE_URL ""
| #define STDC_HEADERS 1
| #define HAVE_SYS_TYPES_H 1
| #define HAVE_SYS_STAT_H 1
| #define HAVE_STDLIB_H 1
| #define HAVE_STRING_H 1
| #define HAVE_MEMORY_H 1
| #define HAVE_STRINGS_H 1
| #define HAVE_INTTYPES_H 1
| #define HAVE_STDINT_H 1
| #define HAVE_UNISTD_H 1
| #define HAVE_LIBM 1
| #define HAVE_LINUX_KD_H 1
| /* end confdefs.h.  */
| #include <dev/isa/spkrio.h>
configure:4050: result: no
configure:4050: checking for dev/isa/spkrio.h
configure:4050: result: no
configure:4050: checking dev/speaker/speaker.h usability
configure:4050: gcc -c -O2 -g -Wall  -I/usr/include/SDL -D_GNU_SOURCE=1 -D_REENTRANT  conftest.c >&5
conftest.c:54:33: fatal error: dev/speaker/speaker.h: No such file or directory
compilation terminated.
configure:4050: $? = 1
configure: failed program was:
| /* confdefs.h */
| #define PACKAGE_NAME "Chocolate Doom"
| #define PACKAGE_TARNAME "chocolate-doom"
| #define PACKAGE_VERSION "1.6.0"
| #define PACKAGE_STRING "Chocolate Doom 1.6.0"
| #define PACKAGE_BUGREPORT "fraggle@gmail.com"
| #define PACKAGE_URL ""
| #define STDC_HEADERS 1
| #define HAVE_SYS_TYPES_H 1
| #define HAVE_SYS_STAT_H 1
| #define HAVE_STDLIB_H 1
| #define HAVE_STRING_H 1
| #define HAVE_MEMORY_H 1
| #define HAVE_STRINGS_H 1
| #define HAVE_INTTYPES_H 1
| #define HAVE_STDINT_H 1
| #define HAVE_UNISTD_H 1
| #define HAVE_LIBM 1
| #define HAVE_LINUX_KD_H 1
| /* end confdefs.h.  */
| #include <stdio.h>
| #ifdef HAVE_SYS_TYPES_H
| # include <sys/types.h>
| #endif
| #ifdef HAVE_SYS_STAT_H
| # include <sys/stat.h>
| #endif
| #ifdef STDC_HEADERS
| # include <stdlib.h>
| # include <stddef.h>
| #else
| # ifdef HAVE_STDLIB_H
| #  include <stdlib.h>
| # endif
| #endif
| #ifdef HAVE_STRING_H
| # if !defined STDC_HEADERS && defined HAVE_MEMORY_H
| #  include <memory.h>
| # endif
| # include <string.h>
| #endif
| #ifdef HAVE_STRINGS_H
| # include <strings.h>
| #endif
| #ifdef HAVE_INTTYPES_H
| # include <inttypes.h>
| #endif
| #ifdef HAVE_STDINT_H
| # include <stdint.h>
| #endif
| #ifdef HAVE_UNISTD_H
| # include <unistd.h>
| #endif
| #include <dev/speaker/speaker.h>
configure:4050: result: no
configure:4050: checking dev/speaker/speaker.h presence
configure:4050: gcc -E  conftest.c
conftest.c:21:33: fatal error: dev/speaker/speaker.h: No such file or directory
compilation terminated.
configure:4050: $? = 1
configure: failed program was:
| /* confdefs.h */
| #define PACKAGE_NAME "Chocolate Doom"
| #define PACKAGE_TARNAME "chocolate-doom"
| #define PACKAGE_VERSION "1.6.0"
| #define PACKAGE_STRING "Chocolate Doom 1.6.0"
| #define PACKAGE_BUGREPORT "fraggle@gmail.com"
| #define PACKAGE_URL ""
| #define STDC_HEADERS 1
| #define HAVE_SYS_TYPES_H 1
| #define HAVE_SYS_STAT_H 1
| #define HAVE_STDLIB_H 1
| #define HAVE_STRING_H 1
| #define HAVE_MEMORY_H 1
| #define HAVE_STRINGS_H 1
| #define HAVE_INTTYPES_H 1
| #define HAVE_STDINT_H 1
| #define HAVE_UNISTD_H 1
| #define HAVE_LIBM 1
| #define HAVE_LINUX_KD_H 1
| /* end confdefs.h.  */
| #include <dev/speaker/speaker.h>
configure:4050: result: no
configure:4050: checking for dev/speaker/speaker.h
configure:4050: result: no
configure:4063: checking for mmap
configure:4063: gcc -o conftest -O2 -g -Wall  -I/usr/include/SDL -D_GNU_SOURCE=1 -D_REENTRANT   -L/usr/lib -lSDL conftest.c -lm  >&5
configure:4063: $? = 0
configure:4063: result: yes
configure:4063: checking for sched_setaffinity
configure:4063: gcc -o conftest -O2 -g -Wall  -I/usr/include/SDL -D_GNU_SOURCE=1 -D_REENTRANT   -L/usr/lib -lSDL conftest.c -lm  >&5
configure:4063: $? = 0
configure:4063: result: yes
configure:4063: checking for ioperm
configure:4063: gcc -o conftest -O2 -g -Wall  -I/usr/include/SDL -D_GNU_SOURCE=1 -D_REENTRANT   -L/usr/lib -lSDL conftest.c -lm  >&5
configure:4063: $? = 0
configure:4063: result: yes
configure:4076: checking for i386_iopl in -li386
configure:4101: gcc -o conftest -O2 -g -Wall  -I/usr/include/SDL -D_GNU_SOURCE=1 -D_REENTRANT   -L/usr/lib -lSDL conftest.c -li386  -lm  >&5
/usr/bin/ld: cannot find -li386
collect2: ld returned 1 exit status
configure:4101: $? = 1
configure: failed program was:
| /* confdefs.h */
| #define PACKAGE_NAME "Chocolate Doom"
| #define PACKAGE_TARNAME "chocolate-doom"
| #define PACKAGE_VERSION "1.6.0"
| #define PACKAGE_STRING "Chocolate Doom 1.6.0"
| #define PACKAGE_BUGREPORT "fraggle@gmail.com"
| #define PACKAGE_URL ""
| #define STDC_HEADERS 1
| #define HAVE_SYS_TYPES_H 1
| #define HAVE_SYS_STAT_H 1
| #define HAVE_STDLIB_H 1
| #define HAVE_STRING_H 1
| #define HAVE_MEMORY_H 1
| #define HAVE_STRINGS_H 1
| #define HAVE_INTTYPES_H 1
| #define HAVE_STDINT_H 1
| #define HAVE_UNISTD_H 1
| #define HAVE_LIBM 1
| #define HAVE_LINUX_KD_H 1
| #define HAVE_MMAP 1
| #define HAVE_SCHED_SETAFFINITY 1
| #define HAVE_IOPERM 1
| /* end confdefs.h.  */
| 
| /* Override any GCC internal prototype to avoid an error.
|    Use char because int might match the return type of a GCC
|    builtin and then its argument prototype would still apply.  */
| #ifdef __cplusplus
| extern "C"
| #endif
| char i386_iopl ();
| int
| main ()
| {
| return i386_iopl ();
|   ;
|   return 0;
| }
configure:4110: result: no
configure:4121: checking for amd64_iopl in -lamd64
configure:4146: gcc -o conftest -O2 -g -Wall  -I/usr/include/SDL -D_GNU_SOURCE=1 -D_REENTRANT   -L/usr/lib -lSDL conftest.c -lamd64  -lm  >&5
/usr/bin/ld: cannot find -lamd64
collect2: ld returned 1 exit status
configure:4146: $? = 1
configure: failed program was:
| /* confdefs.h */
| #define PACKAGE_NAME "Chocolate Doom"
| #define PACKAGE_TARNAME "chocolate-doom"
| #define PACKAGE_VERSION "1.6.0"
| #define PACKAGE_STRING "Chocolate Doom 1.6.0"
| #define PACKAGE_BUGREPORT "fraggle@gmail.com"
| #define PACKAGE_URL ""
| #define STDC_HEADERS 1
| #define HAVE_SYS_TYPES_H 1
| #define HAVE_SYS_STAT_H 1
| #define HAVE_STDLIB_H 1
| #define HAVE_STRING_H 1
| #define HAVE_MEMORY_H 1
| #define HAVE_STRINGS_H 1
| #define HAVE_INTTYPES_H 1
| #define HAVE_STDINT_H 1
| #define HAVE_UNISTD_H 1
| #define HAVE_LIBM 1
| #define HAVE_LINUX_KD_H 1
| #define HAVE_MMAP 1
| #define HAVE_SCHED_SETAFFINITY 1
| #define HAVE_IOPERM 1
| /* end confdefs.h.  */
| 
| /* Override any GCC internal prototype to avoid an error.
|    Use char because int might match the return type of a GCC
|    builtin and then its argument prototype would still apply.  */
| #ifdef __cplusplus
| extern "C"
| #endif
| char amd64_iopl ();
| int
| main ()
| {
| return amd64_iopl ();
|   ;
|   return 0;
| }
configure:4155: result: no
configure:4214: checking for windres
configure:4244: result: no
configure:4306: checking for strip
configure:4322: found /usr/bin/strip
configure:4333: result: strip
configure:4411: checking for a BSD-compatible install
configure:4479: result: /usr/bin/install -c
configure:4490: checking whether build environment is sane
configure:4540: result: yes
configure:4681: checking for a thread-safe mkdir -p
configure:4720: result: /bin/mkdir -p
configure:4733: checking for gawk
configure:4763: result: no
configure:4733: checking for mawk
configure:4749: found /usr/bin/mawk
configure:4760: result: mawk
configure:4771: checking whether make sets $(MAKE)
configure:4793: result: yes
configure:4823: checking for style of include used by make
configure:4851: result: GNU
configure:4936: checking dependency style of gcc
configure:5046: result: gcc3
configure:5242: creating ./config.status

## ---------------- ##
## Cache variables. ##
## ---------------- ##

ac_cv_c_compiler_gnu=yes
ac_cv_env_CC_set=
ac_cv_env_CC_value=
ac_cv_env_CFLAGS_set=
ac_cv_env_CFLAGS_value=
ac_cv_env_CPPFLAGS_set=
ac_cv_env_CPPFLAGS_value=
ac_cv_env_CPP_set=
ac_cv_env_CPP_value=
ac_cv_env_LDFLAGS_set=
ac_cv_env_LDFLAGS_value=
ac_cv_env_LIBS_set=
ac_cv_env_LIBS_value=
ac_cv_env_build_alias_set=
ac_cv_env_build_alias_value=
ac_cv_env_host_alias_set=
ac_cv_env_host_alias_value=
ac_cv_env_target_alias_set=
ac_cv_env_target_alias_value=
ac_cv_func_ioperm=yes
ac_cv_func_mmap=yes
ac_cv_func_sched_setaffinity=yes
ac_cv_header_dev_isa_spkrio_h=no
ac_cv_header_dev_speaker_speaker_h=no
ac_cv_header_inttypes_h=yes
ac_cv_header_linux_kd_h=yes
ac_cv_header_memory_h=yes
ac_cv_header_stdc=yes
ac_cv_header_stdint_h=yes
ac_cv_header_stdlib_h=yes
ac_cv_header_string_h=yes
ac_cv_header_strings_h=yes
ac_cv_header_sys_stat_h=yes
ac_cv_header_sys_types_h=yes
ac_cv_header_unistd_h=yes
ac_cv_lib_SDL_mixer_Mix_LoadMUS=yes
ac_cv_lib_SDL_net_SDLNet_UDP_Send=yes
ac_cv_lib_amd64_amd64_iopl=no
ac_cv_lib_i386_i386_iopl=no
ac_cv_lib_m_log=yes
ac_cv_lib_samplerate_src_new=no
ac_cv_objext=o
ac_cv_path_EGREP='/bin/grep -E'
ac_cv_path_GREP=/bin/grep
ac_cv_path_SDL_CONFIG=/usr/bin/sdl-config
ac_cv_path_install='/usr/bin/install -c'
ac_cv_path_mkdir=/bin/mkdir
ac_cv_prog_AWK=mawk
ac_cv_prog_CPP='gcc -E'
ac_cv_prog_HAVE_PYTHON=true
ac_cv_prog_ac_ct_CC=gcc
ac_cv_prog_ac_ct_RANLIB=ranlib
ac_cv_prog_ac_ct_STRIP=strip
ac_cv_prog_cc_c89=
ac_cv_prog_cc_g=yes
ac_cv_prog_make_make_set=yes
am_cv_CC_dependencies_compiler_type=gcc3

## ----------------- ##
## Output variables. ##
## ----------------- ##

ACLOCAL='${SHELL} /home/raphaellaguerre/projetUQAC/BeepDoom/BeepDoom/chocolate-doom-1.6.0/autotools/missing --run aclocal-1.11'
AMDEPBACKSLASH='\'
AMDEP_FALSE='#'
AMDEP_TRUE=''
AMTAR='${SHELL} /home/raphaellaguerre/projetUQAC/BeepDoom/BeepDoom/chocolate-doom-1.6.0/autotools/missing --run tar'
AUTOCONF='${SHELL} /home/raphaellaguerre/projetUQAC/BeepDoom/BeepDoom/chocolate-doom-1.6.0/autotools/missing --run autoconf'
AUTOHEADER='${SHELL} /home/raphaellaguerre/projetUQAC/BeepDoom/BeepDoom/chocolate-doom-1.6.0/autotools/missing --run autoheader'
AUTOMAKE='${SHELL} /home/raphaellaguerre/projetUQAC/BeepDoom/BeepDoom/chocolate-doom-1.6.0/autotools/missing --run automake-1.11'
AWK='mawk'
CC='gcc'
CCDEPMODE='depmode=gcc3'
CFLAGS='-O2 -g -Wall  -I/usr/include/SDL -D_GNU_SOURCE=1 -D_REENTRANT'
CPP='gcc -E'
CPPFLAGS=''
CYGPATH_W='echo'
DEFS='-DHAVE_CONFIG_H'
DEPDIR='.deps'
ECHO_C=''
ECHO_N='-n'
ECHO_T=''
EGREP='/bin/grep -E'
EXEEXT=''
GREP='/bin/grep'
HAVE_PYTHON='true'
HAVE_PYTHON_FALSE='#'
HAVE_PYTHON_TRUE=''
HAVE_WINDRES_FALSE=''
HAVE_WINDRES_TRUE='#'
INSTALL_DATA='${INSTALL} -m 644'
INSTALL_PROGRAM='${INSTALL}'
INSTALL_SCRIPT='${INSTALL}'
INSTALL_STRIP_PROGRAM='$(install_sh) -c -s'
LDFLAGS=' -L/usr/lib -lSDL'
LIBOBJS=''
LIBS='-lm '
LTLIBOBJS=''
MAKEINFO='${SHELL} /home/raphaellaguerre/projetUQAC/BeepDoom/BeepDoom/chocolate-doom-1.6.0/autotools/missing --run makeinfo'
MKDIR_P='/bin/mkdir -p'
OBJEXT='o'
PACKAGE='chocolate-doom'
PACKAGE_BUGREPORT='fraggle@gmail.com'
PACKAGE_COPYRIGHT='Copyright (C) 1993-2011'
PACKAGE_LICENSE='GNU General Public License, version 2'
PACKAGE_MAINTAINER='Simon Howard'
PACKAGE_NAME='Chocolate Doom'
PACKAGE_SHORTDESC='Conservative Doom source port'
PACKAGE_STRING='Chocolate Doom 1.6.0'
PACKAGE_TARNAME='chocolate-doom'
PACKAGE_URL='http://www.chocolate-doom.org/'
PACKAGE_VERSION='1.6.0'
PATH_SEPARATOR=':'
PROGRAM_PREFIX='chocolate-'
RANLIB='ranlib'
SDLMIXER_CFLAGS=''
SDLMIXER_LIBS=' -lSDL_mixer'
SDLNET_CFLAGS=''
SDLNET_LIBS=' -lSDL_net'
SDL_CFLAGS='-I/usr/include/SDL -D_GNU_SOURCE=1 -D_REENTRANT'
SDL_CONFIG='/usr/bin/sdl-config'
SDL_LIBS='-L/usr/lib -lSDL'
SET_MAKE=''
SHELL='/bin/bash'
STRIP='strip'
VERSION='1.6.0'
WINDOWS_CE_FALSE=''
WINDOWS_CE_TRUE='#'
WINDOWS_RC_VERSION='1, 6, 0, 0'
WINDRES=''
ac_aux_dir='autotools'
ac_ct_CC='gcc'
am__EXEEXT_FALSE=''
am__EXEEXT_TRUE='#'
am__fastdepCC_FALSE='#'
am__fastdepCC_TRUE=''
am__include='include'
am__isrc=''
am__leading_dot='.'
am__quote=''
am__tar='${AMTAR} chof - "$$tardir"'
am__untar='${AMTAR} xf -'
bindir='${exec_prefix}/bin'
build_alias=''
datadir='${datarootdir}'
datarootdir='${prefix}/share'
docdir='${datarootdir}/doc/${PACKAGE_TARNAME}'
dvidir='${docdir}'
exec_prefix='${prefix}'
host_alias=''
htmldir='${docdir}'
includedir='${prefix}/include'
infodir='${datarootdir}/info'
install_sh='${SHELL} /home/raphaellaguerre/projetUQAC/BeepDoom/BeepDoom/chocolate-doom-1.6.0/autotools/install-sh'
libdir='${exec_prefix}/lib'
libexecdir='${exec_prefix}/libexec'
localedir='${datarootdir}/locale'
localstatedir='${prefix}/var'
mandir='${datarootdir}/man'
mkdir_p='/bin/mkdir -p'
oldincludedir='/usr/include'
pdfdir='${docdir}'
prefix='/usr/local'
program_transform_name='s,x,x,'
psdir='${docdir}'
sbindir='${exec_prefix}/sbin'
sharedstatedir='${prefix}/com'
sysconfdir='${prefix}/etc'
target_alias=''

## ----------- ##
## confdefs.h. ##
## ----------- ##

/* confdefs.h */
#define PACKAGE_NAME "Chocolate Doom"
#define PACKAGE_TARNAME "chocolate-doom"
#define PACKAGE_VERSION "1.6.0"
#define PACKAGE_STRING "Chocolate Doom 1.6.0"
#define PACKAGE_BUGREPORT "fraggle@gmail.com"
#define PACKAGE_URL ""
#define STDC_HEADERS 1
#define HAVE_SYS_TYPES_H 1
#define HAVE_SYS_STAT_H 1
#define HAVE_STDLIB_H 1
#define HAVE_STRING_H 1
#define HAVE_MEMORY_H 1
#define HAVE_STRINGS_H 1
#define HAVE_INTTYPES_H 1
#define HAVE_STDINT_H 1
#define HAVE_UNISTD_H 1
#define HAVE_LIBM 1
#define HAVE_LINUX_KD_H 1
#define HAVE_MMAP 1
#define HAVE_SCHED_SETAFFINITY 1
#define HAVE_IOPERM 1
#define PACKAGE "chocolate-doom"
#define VERSION "1.6.0"
#define PROGRAM_PREFIX "chocolate-"

configure: exit 0

## ---------------------- ##
## Running config.status. ##
## ---------------------- ##

This file was extended by Chocolate Doom config.status 1.6.0, which was
generated by GNU Autoconf 2.68.  Invocation command line was

  CONFIG_FILES    = 
  CONFIG_HEADERS  = 
  CONFIG_LINKS    = 
  CONFIG_COMMANDS = 
  $ ./config.status 

on Monk

config.status:909: creating Makefile
config.status:909: creating rpm.spec
config.status:909: creating man/Makefile
config.status:909: creating opl/Makefile
config.status:909: creating opl/examples/Makefile
config.status:909: creating pcsound/Makefile
config.status:909: creating pkg/Makefile
config.status:909: creating pkg/config.make
config.status:909: creating pkg/osx/Info.plist
config.status:909: creating pkg/osx/Info-gnustep.plist
config.status:909: creating setup/Makefile
config.status:909: creating setup/setup.desktop
config.status:909: creating setup/setup-res.rc
config.status:909: creating setup/setup-manifest.xml
config.status:909: creating data/Makefile
config.status:909: creating src/Makefile
config.status:909: creating src/doom.desktop
config.status:909: creating src/doom-screensaver.desktop
config.status:909: creating src/resource.rc
config.status:909: creating textscreen/Makefile
config.status:909: creating textscreen/examples/Makefile
config.status:909: creating wince/Makefile
config.status:909: creating config.h
config.status:1055: config.h is unchanged
config.status:1103: executing depfiles commands

## ---------------------- ##
## Running config.status. ##
## ---------------------- ##

This file was extended by Chocolate Doom config.status 1.6.0, which was
generated by GNU Autoconf 2.68.  Invocation command line was

  CONFIG_FILES    = 
  CONFIG_HEADERS  = 
  CONFIG_LINKS    = 
  CONFIG_COMMANDS = 
  $ ./config.status config.h

on Monk

config.status:909: creating config.h
config.status:1055: config.h is unchanged
